Added Component: Designator=RJ12(RJ12)
Added Pin To Net: NetName=VCC Pin=H1-1
Added Pin To Net: NetName=VCC Pin=H1-18
Added Pin To Net: NetName=GND Pin=H1-19
Added Pin To Net: NetName=GND Pin=H1-20
Added Pin To Net: NetName=NetH1_6 Pin=RJ12-2
Added Pin To Net: NetName=NetH1_8 Pin=RJ12-3
Added Pin To Net: NetName=NetH1_5 Pin=RJ12-4
Added Pin To Net: NetName=NetH1_12 Pin=RJ12-5
Added Pin To Net: NetName=GND Pin=RJ12-6
Added Pin To Net: NetName=VCC Pin=U1-1
Added Pin To Net: NetName=VCC Pin=U1-18
Added Pin To Net: NetName=GND Pin=U1-19
Added Pin To Net: NetName=GND Pin=U1-20
Change Net Name : Old Net Name=RA-1A New Net Name=NetH2_3
Change Net Name : Old Net Name=RA-1B New Net Name=NetH2_4
Change Net Name : Old Net Name=RA-2A New Net Name=NetH2_5
Change Net Name : Old Net Name=RA-2B New Net Name=NetH2_2
Added Pin To Net: NetName=NetDC-DC_2 Pin=DC-DC-2
Added Pin To Net: NetName=NetDC-DC_2 Pin=U2-16
Added Net: Name=NetDC-DC_2
Added Member To Class: ClassName=ºËÐÄ°å Member=Component RJ12 RJ12²å×ù
